Removed Pin From Net: NetName=GND Pin=C34-1
Removed Pin From Net: NetName=+5_USB_A Pin=C34-2
Removed Pin From Net: NetName=GND Pin=C35-1
Removed Pin From Net: NetName=+5_USB_A Pin=C35-2
Removed Pin From Net: NetName=GND Pin=C36-1
Removed Pin From Net: NetName=+5_USB_A Pin=C36-2
Removed Pin From Net: NetName=GND Pin=C37-1
Removed Pin From Net: NetName=+5_USB_A Pin=C37-2
Removed Pin From Net: NetName=GND Pin=C42-1
Removed Pin From Net: NetName=+5_USB_A Pin=C42-2
Removed Pin From Net: NetName=GND Pin=C43-1
Removed Pin From Net: NetName=GND Pin=D5-2
Removed Pin From Net: NetName=GND Pin=J3-1
Removed Pin From Net: NetName=+5_USB_A Pin=J3-3
Change Component Footprint: Designator=C34 Old Footprint=CAP 0603_1608 New Footprint=CAP 0402_1005
Change Component Footprint: Designator=C35 Old Footprint=CAP 0603_1608 New Footprint=CAP 0402_1005
Change Component Footprint: Designator=C36 Old Footprint=CAP 0603_1608 New Footprint=CAP 0402_1005
Change Component Footprint: Designator=C37 Old Footprint=CAP 0603_1608 New Footprint=CAP 0402_1005
Added Component: Designator=J1(MOLEX_2171840001)
Add component (AddParameter): Name = "Check_prices"; Value = "https://www.snapeda.com/parts/2171840001/Molex/view-part/?ref=eda"; VariantName = "[No Variations]"
Add component (AddParameter): Name = "MF"; Value = "Molex"; VariantName = "[No Variations]"
Add component (AddParameter): Name = "MP"; Value = "2171840001"; VariantName = "[No Variations]"
Add component (AddParameter): Name = "Package"; Value = "None"; VariantName = "[No Variations]"
Add component (AddParameter): Name = "SnapEDA_Link"; Value = "https://www.snapeda.com/parts/2171840001/Molex/view-part/?ref=snap"; VariantName = "[No Variations]"
Add component (AddParameter): Name = "Value"; Value = ""; VariantName = "[No Variations]"
Added Pin To Net: NetName=+5_USB_A Pin=C34-1
Added Pin To Net: NetName=GND Pin=C34-2
Added Pin To Net: NetName=+5_USB_A Pin=C35-1
Added Pin To Net: NetName=GND Pin=C35-2
Added Pin To Net: NetName=+5_USB_A Pin=C36-1
Added Pin To Net: NetName=GND Pin=C36-2
Added Pin To Net: NetName=+5_USB_A Pin=C37-1
Added Pin To Net: NetName=GND Pin=C37-2
Added Pin To Net: NetName=+5_USB_A Pin=D1-1
Added Pin To Net: NetName=GND Pin=J1-A1
Added Pin To Net: NetName=+5_USB_A Pin=J1-A4
Added Pin To Net: NetName=+5_USB_A Pin=J1-A9
Added Pin To Net: NetName=GND Pin=J1-A12
Added Pin To Net: NetName=GND Pin=J1-B1
Added Pin To Net: NetName=+5_USB_A Pin=J1-B4
Added Pin To Net: NetName=+5_USB_A Pin=J1-B9
Added Pin To Net: NetName=GND Pin=J1-B12
Added Pin To Net: NetName=GND Pin=J1-SH1
Added Pin To Net: NetName=GND Pin=J1-SH2
Added Pin To Net: NetName=GND Pin=J1-SH3
Added Pin To Net: NetName=GND Pin=J1-SH4
Added Pin To Net: NetName=CC1 Pin=J1-A5
Added Pin To Net: NetName=CC1 Pin=R19-2
Added Net: Name=CC1
Added Pin To Net: NetName=CC2 Pin=J1-B5
Added Pin To Net: NetName=CC2 Pin=R18-2
Added Net: Name=CC2
Added Pin To Net: NetName=NetJ1_A6 Pin=J1-A6
Added Pin To Net: NetName=NetJ1_A6 Pin=J1-B6
Added Pin To Net: NetName=NetJ1_A6 Pin=U6-3
Added Net: Name=NetJ1_A6
Added Pin To Net: NetName=NetJ1_A7 Pin=J1-A7
Added Pin To Net: NetName=NetJ1_A7 Pin=J1-B7
Added Pin To Net: NetName=NetJ1_A7 Pin=U6-1
Added Net: Name=NetJ1_A7
Added Member To Class: ClassName=Sensor Member=Component J1 2171840001
Added Room: Name=Connector
Added Room: Name=MCU
Added Room: Name=Power_Supply
Added Room: Name=Sensor
