Removed Pin From Net: NetName=GND Pin=J1-A1
Removed Pin From Net: NetName=+5_USB_A Pin=J1-A4
Removed Pin From Net: NetName=CC1 Pin=J1-A5
Removed Pin From Net: NetName=+5_USB_A Pin=J1-A9
Removed Pin From Net: NetName=GND Pin=J1-A12
Removed Pin From Net: NetName=GND Pin=J1-B1
Removed Pin From Net: NetName=+5_USB_A Pin=J1-B4
Removed Pin From Net: NetName=CC2 Pin=J1-B5
Removed Pin From Net: NetName=+5_USB_A Pin=J1-B9
Removed Pin From Net: NetName=GND Pin=J1-B12
Removed Pin From Net: NetName=GND Pin=J1-SH1
Removed Pin From Net: NetName=GND Pin=J1-SH2
Removed Pin From Net: NetName=GND Pin=J1-SH3
Removed Pin From Net: NetName=GND Pin=J1-SH4
Removed Member From Class: ClassName=Sensor Member=J1
Added Component: Designator=J(BELFUSE_SS-52400-002)
Add component (AddParameter): Name = "Availability"; Value = "Warning"; VariantName = "[No Variations]"
Add component (AddParameter): Name = "DigiKey-Purchase-URL"; Value = "https://snapeda.com/shop?store=DigiKey&id=4629247"; VariantName = "[No Variations]"
Add component (AddParameter): Name = "MF"; Value = "Stewart Connector"; VariantName = "[No Variations]"
Add component (AddParameter): Name = "Mouser-Purchase-URL"; Value = "https://snapeda.com/shop?store=Mouser&id=4629247"; VariantName = "[No Variations]"
Add component (AddParameter): Name = "MP"; Value = "SS-52400-002"; VariantName = "[No Variations]"
Add component (AddParameter): Name = "Package"; Value = "None"; VariantName = "[No Variations]"
Add component (AddParameter): Name = "Price"; Value = "None"; VariantName = "[No Variations]"
Add component (AddParameter): Name = "SnapEDA_Link"; Value = "https://www.snapeda.com/parts/SS-52400-002/Stewart%20Connector/view-part/4629247/?ref=snap"; VariantName = "[No Variations]"
Add component (AddParameter): Name = "Value"; Value = ""; VariantName = "[No Variations]"
Added Pin To Net: NetName=GND Pin=J-A1
Added Pin To Net: NetName=+5_USB_A Pin=J-A4
Added Pin To Net: NetName=CC1 Pin=J-A5
Added Pin To Net: NetName=+5_USB_A Pin=J-A9
Added Pin To Net: NetName=GND Pin=J-A12
Added Pin To Net: NetName=GND Pin=J-B1
Added Pin To Net: NetName=+5_USB_A Pin=J-B4
Added Pin To Net: NetName=CC2 Pin=J-B5
Added Pin To Net: NetName=+5_USB_A Pin=J-B9
Added Pin To Net: NetName=GND Pin=J-B12
Added Pin To Net: NetName=GND Pin=J-G1
Added Pin To Net: NetName=GND Pin=J-G2
Added Pin To Net: NetName=GND Pin=J-G3
Added Pin To Net: NetName=GND Pin=J-G4
Added Pin To Net: NetName=GND Pin=J-S1
Added Pin To Net: NetName=GND Pin=J-S2
Added Pin To Net: NetName=GND Pin=J-S3
Added Pin To Net: NetName=GND Pin=J-S4
Added Pin To Net: NetName=NetJ_A6 Pin=J-A6
Added Pin To Net: NetName=NetJ_A6 Pin=J-B6
Added Pin To Net: NetName=NetJ_A6 Pin=U6-1
Added Net: Name=NetJ_A6
Added Pin To Net: NetName=NetJ_A7 Pin=J-A7
Added Pin To Net: NetName=NetJ_A7 Pin=J-B7
Added Pin To Net: NetName=NetJ_A7 Pin=U6-3
Added Net: Name=NetJ_A7
Added Member To Class: ClassName=Sensor Member=Component J SS-52400-002
Added Room: Name=Connector
Added Room: Name=MCU
Added Room: Name=Power_Supply
Added Room: Name=Sensor
