Change Component Footprint: Designator=C3 Old Footprint=CAP ALSMD 4.3MM H5.4MM New Footprint=tu nhom 4 (b)
Change Component Footprint: Designator=C5 Old Footprint=CAP ALSMD 4.3MM H5.4MM New Footprint=tu nhom 4 (b)
Change Component Footprint: Designator=C2 Old Footprint=CAP ALSMD 8.3MM H10.5MM New Footprint=tu nhom 8 (f)
Change Component Comment : Designator=C3 Old Comment=4.7 µF New Comment=4.7uF
Change Component Comment : Designator=C5 Old Comment=4.7 µF New Comment=4.7uF
Change Component Comment : Designator=C2 Old Comment=220 µF New Comment=220uF
Change component parameters: Designator = "C3" ("C3"); Footprint = "CAP ALSMD 4.3MM H5.4MM"; UniqueID = "\CDSJRPCO" ("\CDSJRPCO")
Change component parameters (AddParameter): Name = "Chung_Loai"; Value = "Dán"; VariantName = "[No Variations]"
Change component parameters (AddParameter): Name = "Don_Vi"; Value = "Con"; VariantName = "[No Variations]"
Change component parameters (AddParameter): Name = "Kieu_Chan"; Value = ""; VariantName = "[No Variations]"
Change component parameters (AddParameter): Name = "Ma_Hang"; Value = "MH003790"; VariantName = "[No Variations]"
Change component parameters (AddParameter): Name = "So_Chan"; Value = "2"; VariantName = "[No Variations]"
Change component parameters (AddParameter): Name = "Ten_Linh_Kien"; Value = "T? Nhôm 4.7uF 25V 4x4.5MM"; VariantName = "[No Variations]"
Change component parameters: Designator = "C5" ("C5"); Footprint = "CAP ALSMD 4.3MM H5.4MM"; UniqueID = "\PLEYOSKV" ("\PLEYOSKV")
Change component parameters (AddParameter): Name = "Chung_Loai"; Value = "Dán"; VariantName = "[No Variations]"
Change component parameters (AddParameter): Name = "Don_Vi"; Value = "Con"; VariantName = "[No Variations]"
Change component parameters (AddParameter): Name = "Kieu_Chan"; Value = ""; VariantName = "[No Variations]"
Change component parameters (AddParameter): Name = "Ma_Hang"; Value = "MH003790"; VariantName = "[No Variations]"
Change component parameters (AddParameter): Name = "So_Chan"; Value = "2"; VariantName = "[No Variations]"
Change component parameters (AddParameter): Name = "Ten_Linh_Kien"; Value = "T? Nhôm 4.7uF 25V 4x4.5MM"; VariantName = "[No Variations]"
Change component parameters: Designator = "C2" ("C2"); Footprint = "CAP ALSMD 8.3MM H10.5MM"; UniqueID = "\DBMKXVPF" ("\DBMKXVPF")
Change component parameters (AddParameter): Name = "Chung_Loai"; Value = "Dán"; VariantName = "[No Variations]"
Change component parameters (AddParameter): Name = "Don_Vi"; Value = "Con"; VariantName = "[No Variations]"
Change component parameters (AddParameter): Name = "Kieu_Chan"; Value = ""; VariantName = "[No Variations]"
Change component parameters (AddParameter): Name = "Ma_Hang"; Value = "MH002221"; VariantName = "[No Variations]"
Change component parameters (AddParameter): Name = "So_Chan"; Value = "2"; VariantName = "[No Variations]"
Change component parameters (AddParameter): Name = "Ten_Linh_Kien"; Value = "T? Nhôm 220uF 25V"; VariantName = "[No Variations]"
Added Member To Class: ClassName=H_Bridge_Mosate Member=Component D1 1N5819HW-7-F
Added Member To Class: ClassName=H_Bridge_Mosate Member=Component D2 1N5819HW-7-F
Added Member To Class: ClassName=H_Bridge_Mosate Member=Component D3 1N5819HW-7-F
Added Member To Class: ClassName=H_Bridge_Mosate Member=Component D4 1N5819HW-7-F
Added Member To Class: ClassName=H_Bridge_Mosate Member=Component D5 1N5819HW-7-F
Added Member To Class: ClassName=H_Bridge_Mosate Member=Component D7 1N5819HW-7-F
Added Member To Class: ClassName=Power Member=Component D8 1N5819HW-7-F
