Added Component: Designator=J3(BELFUSE_SS-52400-002)
Add component (AddParameter): Name = "Availability"; Value = "Warning"; VariantName = "[No Variations]"
Add component (AddParameter): Name = "DigiKey-Purchase-URL"; Value = "https://snapeda.com/shop?store=DigiKey&id=4629247"; VariantName = "[No Variations]"
Add component (AddParameter): Name = "MF"; Value = "Stewart Connector"; VariantName = "[No Variations]"
Add component (AddParameter): Name = "Mouser-Purchase-URL"; Value = "https://snapeda.com/shop?store=Mouser&id=4629247"; VariantName = "[No Variations]"
Add component (AddParameter): Name = "MP"; Value = "SS-52400-002"; VariantName = "[No Variations]"
Add component (AddParameter): Name = "Package"; Value = "None"; VariantName = "[No Variations]"
Add component (AddParameter): Name = "Price"; Value = "None"; VariantName = "[No Variations]"
Add component (AddParameter): Name = "SnapEDA_Link"; Value = "https://www.snapeda.com/parts/SS-52400-002/Stewart%20Connector/view-part/4629247/?ref=snap"; VariantName = "[No Variations]"
Add component (AddParameter): Name = "Value"; Value = ""; VariantName = "[No Variations]"
Added Pin To Net: NetName=GND Pin=J3-A1
Added Pin To Net: NetName=+5_USB_A Pin=J3-A4
Added Pin To Net: NetName=+5_USB_A Pin=J3-A9
Added Pin To Net: NetName=GND Pin=J3-A12
Added Pin To Net: NetName=GND Pin=J3-B1
Added Pin To Net: NetName=+5_USB_A Pin=J3-B4
Added Pin To Net: NetName=+5_USB_A Pin=J3-B9
Added Pin To Net: NetName=GND Pin=J3-B12
Added Pin To Net: NetName=GND Pin=J3-G1
Added Pin To Net: NetName=GND Pin=J3-G2
Added Pin To Net: NetName=GND Pin=J3-G3
Added Pin To Net: NetName=GND Pin=J3-G4
Added Pin To Net: NetName=GND Pin=J3-S1
Added Pin To Net: NetName=GND Pin=J3-S2
Added Pin To Net: NetName=GND Pin=J3-S3
Added Pin To Net: NetName=GND Pin=J3-S4
Added Pin To Net: NetName=NetJ3_A6 Pin=J3-A6
Added Pin To Net: NetName=NetJ3_A6 Pin=J3-B6
Added Pin To Net: NetName=NetJ3_A6 Pin=U5-1
Added Net: Name=NetJ3_A6
Added Pin To Net: NetName=NetJ3_A7 Pin=J3-A7
Added Pin To Net: NetName=NetJ3_A7 Pin=J3-B7
Added Pin To Net: NetName=NetJ3_A7 Pin=U5-3
Added Net: Name=NetJ3_A7
Added Member To Class: ClassName=Power_2 Member=Component C22 10 µF
Added Member To Class: ClassName=USB_C Member=Component J3 SS-52400-002
Added Room: Name=Power_2
Added Room: Name=USB_C
