Removed Pin From Net: NetName=VCC5V Pin=JP1-2
Removed Pin From Net: NetName=VCC5V Pin=JP3-4
Removed Pin From Net: NetName=VCC5V Pin=JP4-2
Removed Pin From Net: NetName=VCC5V Pin=P1-14
Removed Pin From Net: NetName=VCC3V3 Pin=U2-2
Removed Pin From Net: NetName=VCC3V3 Pin=U2-4
Change Component Comment : Designator=U2 Old Comment=AMS1117 New Comment=AMS1117 - 5V
Added Component: Designator=C13(tu 0603)
Add component (AddParameter): Name = "Chung_Loai"; Value = "Dán"; VariantName = "[No Variations]"
Add component (AddParameter): Name = "Don_Vi"; Value = "Con"; VariantName = "[No Variations]"
Add component (AddParameter): Name = "Kieu_Chan"; Value = ""; VariantName = "[No Variations]"
Add component (AddParameter): Name = "Ma_Hang"; Value = "MH004848"; VariantName = "[No Variations]"
Add component (AddParameter): Name = "So_Chan"; Value = "2"; VariantName = "[No Variations]"
Add component (AddParameter): Name = "Ten_Linh_Kien"; Value = "T? 0603-10uF 20% 16V"; VariantName = "[No Variations]"
Added Component: Designator=U3(SOT229P700X180-4N)
Add component (AddParameter): Name = "Availability"; Value = "Not in stock"; VariantName = "[No Variations]"
Add component (AddParameter): Name = "Check_prices"; Value = "https://www.snapeda.com/parts/AMS1117/Advanced+Monolithic+Systems/view-part/?ref=eda"; VariantName = "[No Variations]"
Add component (AddParameter): Name = "MF"; Value = "Advanced Monolithic Systems"; VariantName = "[No Variations]"
Add component (AddParameter): Name = "MP"; Value = "AMS1117"; VariantName = "[No Variations]"
Add component (AddParameter): Name = "Package"; Value = "SOT-223 Seeed Technology"; VariantName = "[No Variations]"
Add component (AddParameter): Name = "Price"; Value = "None"; VariantName = "[No Variations]"
Add component (AddParameter): Name = "SnapEDA_Link"; Value = "https://www.snapeda.com/parts/AMS1117/Advanced+Monolithic+Systems/view-part/?ref=snap"; VariantName = "[No Variations]"
Add component (AddParameter): Name = "Value"; Value = ""; VariantName = "[No Variations]"
Added Pin To Net: NetName=GND Pin=C13-2
Added Pin To Net: NetName=GND Pin=U3-1
Added Pin To Net: NetName=VCC3V3 Pin=U3-2
Added Pin To Net: NetName=VCC3V3 Pin=U3-4
Change Net Name : Old Net Name=VCC5V New Net Name=8.4V
Added Pin To Net: NetName=VCC5V Pin=C13-1
Added Pin To Net: NetName=VCC5V Pin=JP1-2
Added Pin To Net: NetName=VCC5V Pin=JP3-4
Added Pin To Net: NetName=VCC5V Pin=JP4-2
Added Pin To Net: NetName=VCC5V Pin=P1-14
Added Pin To Net: NetName=VCC5V Pin=U2-2
Added Pin To Net: NetName=VCC5V Pin=U2-4
Added Pin To Net: NetName=VCC5V Pin=U3-3
Added Net: Name=VCC5V
Added Member To Class: ClassName=Power_Supply Member=Component C13 106
Added Member To Class: ClassName=Power_Supply Member=Component U3 AMS1117 - 3.3V
