Added Component: Designator=P2(SUNTECH_ST-TF-003A)
Add component (AddParameter): Name = "Availability"; Value = "Unavailable"; VariantName = "[No Variations]"
Add component (AddParameter): Name = "MF"; Value = ""; VariantName = "[No Variations]"
Add component (AddParameter): Name = "MP"; Value = "ST-TF-003A"; VariantName = "[No Variations]"
Add component (AddParameter): Name = "Package"; Value = "None"; VariantName = "[No Variations]"
Add component (AddParameter): Name = "Price"; Value = "None"; VariantName = "[No Variations]"
Add component (AddParameter): Name = "Value"; Value = ""; VariantName = "[No Variations]"
Added Pin To Net: NetName=CS_SD Pin=P2-2
Added Pin To Net: NetName=MOSI_SD Pin=P2-3
Added Pin To Net: NetName=VDD1 Pin=P2-4
Added Pin To Net: NetName=CLK_SD Pin=P2-5
Added Pin To Net: NetName=OUT- Pin=P2-6
Added Pin To Net: NetName=MISO_SD Pin=P2-7
Added Pin To Net: NetName=OUT- Pin=P2-G1
Added Pin To Net: NetName=OUT- Pin=P2-G2
Added Pin To Net: NetName=OUT- Pin=P2-G3
Added Pin To Net: NetName=OUT- Pin=P2-G4
Added Pin To Net: NetName=NetP2_1 Pin=P2-1
Added Pin To Net: NetName=NetP2_1 Pin=R17-1
Added Net: Name=NetP2_1
Added Pin To Net: NetName=NetP2_8 Pin=P2-8
Added Pin To Net: NetName=NetP2_8 Pin=R13-1
Added Net: Name=NetP2_8
Added Member To Class: ClassName=Audio Member=Component P2 ST-TF-003A
Added Room: Name=Audio
