Added Pin To Net: NetName=VCAP_1 Pin=C1-2
Added Pin To Net: NetName=VCAP_2 Pin=C2-2
Added Pin To Net: NetName=NRST Pin=C3-2
Added Pin To Net: NetName=OSC_OUT Pin=C4-2
Added Pin To Net: NetName=OSC_IN Pin=C5-2
Added Pin To Net: NetName=VREF+ Pin=C6-2
Added Pin To Net: NetName=VDDA Pin=C7-1
Added Pin To Net: NetName=OUT- Pin=C7-2
Added Pin To Net: NetName=OUT- Pin=C9-1
Added Pin To Net: NetName=VDD1 Pin=C9-2
Added Pin To Net: NetName=OUT- Pin=C10-1
Added Pin To Net: NetName=VDD1 Pin=C10-2
Added Pin To Net: NetName=OUT- Pin=C11-1
Added Pin To Net: NetName=VDD1 Pin=C11-2
Added Pin To Net: NetName=OUT- Pin=C12-1
Added Pin To Net: NetName=VDD1 Pin=C12-2
Added Pin To Net: NetName=VDD1 Pin=C13-2
Added Pin To Net: NetName=VDD1 Pin=C14-2
Added Pin To Net: NetName=VBAT Pin=C15-2
Added Pin To Net: NetName=NetC16_1 Pin=C16-1
Added Pin To Net: NetName=NetC16_2 Pin=C16-2
Added Pin To Net: NetName=NetC17_2 Pin=C17-2
Added Pin To Net: NetName=OUT- Pin=C18-1
Added Pin To Net: NetName=NetC19_1 Pin=C19-1
Added Pin To Net: NetName=+5 Pin=C19-2
Added Pin To Net: NetName=NetC20_1 Pin=C20-1
Added Pin To Net: NetName=NetC20_2 Pin=C20-2
Added Pin To Net: NetName=+8.4 Pin=C21-2
Added Pin To Net: NetName=+5 Pin=C23-2
Added Pin To Net: NetName=+5 Pin=C26-2
Added Pin To Net: NetName=VDD1 Pin=C28-2
Added Pin To Net: NetName=OUT- Pin=C31-1
Added Pin To Net: NetName=+5 Pin=C31-2
Added Pin To Net: NetName=+5 Pin=C32-2
Added Pin To Net: NetName=VCCNRF Pin=C33-2
Added Pin To Net: NetName=+5 Pin=C34-1
Added Pin To Net: NetName=OUT- Pin=C34-2
Added Pin To Net: NetName=+5 Pin=C35-1
Added Pin To Net: NetName=OUT- Pin=C35-2
Added Pin To Net: NetName=+5 Pin=C36-1
Added Pin To Net: NetName=OUT- Pin=C36-2
Added Pin To Net: NetName=+5 Pin=C37-1
Added Pin To Net: NetName=OUT- Pin=C37-2
Added Pin To Net: NetName=B+ Pin=C38-1
Added Pin To Net: NetName=OUT- Pin=C38-2
Added Pin To Net: NetName=NetC39_1 Pin=C39-1
Added Pin To Net: NetName=B- Pin=C39-2
Added Pin To Net: NetName=NetD12_1 Pin=D12-1
Added Pin To Net: NetName=OUT- Pin=D12-2
Added Pin To Net: NetName=NetD13_1 Pin=D13-1
Added Pin To Net: NetName=OUT- Pin=D13-2
Added Pin To Net: NetName=NetD14_1 Pin=D14-1
Added Pin To Net: NetName=OUT- Pin=D14-2
Added Pin To Net: NetName=NetD15_1 Pin=D15-1
Added Pin To Net: NetName=OUT- Pin=D15-2
Added Pin To Net: NetName=+5 Pin=D16-1
Added Pin To Net: NetName=NetD16_2 Pin=D16-2
Added Pin To Net: NetName=+5 Pin=D17-1
Added Pin To Net: NetName=NetD17_2 Pin=D17-2
Added Pin To Net: NetName=OUT- Pin=J2-A1
Added Pin To Net: NetName=+5 Pin=J2-A4
Added Pin To Net: NetName=NetJ2_A6 Pin=J2-A6
Added Pin To Net: NetName=NetJ2_A7 Pin=J2-A7
Added Pin To Net: NetName=+5 Pin=J2-A9
Added Pin To Net: NetName=OUT- Pin=J2-A12
Added Pin To Net: NetName=OUT- Pin=J2-B1
Added Pin To Net: NetName=+5 Pin=J2-B4
Added Pin To Net: NetName=NetJ2_A6 Pin=J2-B6
Added Pin To Net: NetName=NetJ2_A7 Pin=J2-B7
Added Pin To Net: NetName=+5 Pin=J2-B9
Added Pin To Net: NetName=OUT- Pin=J2-B12
Added Pin To Net: NetName=OUT- Pin=J2-S
Added Pin To Net: NetName=OUT- Pin=J2-S
Added Pin To Net: NetName=OUT- Pin=J2-S
Added Pin To Net: NetName=OUT- Pin=J2-S
Added Pin To Net: NetName=OUT- Pin=J2-S
Added Pin To Net: NetName=OUT- Pin=J2-S
Added Pin To Net: NetName=OUT- Pin=J2-S
Added Pin To Net: NetName=OUT- Pin=J2-S
Added Pin To Net: NetName=OUT- Pin=J2-S
Added Pin To Net: NetName=OUT- Pin=J2-S
Added Pin To Net: NetName=NetQ1_1 Pin=Q1-1
Added Pin To Net: NetName=B- Pin=Q1-2
Added Pin To Net: NetName=B- Pin=Q1-3
Added Pin To Net: NetName=NetQ1_4 Pin=Q1-4
Added Pin To Net: NetName=NetQ1_5 Pin=Q1-5
Added Pin To Net: NetName=OUT- Pin=Q1-6
Added Pin To Net: NetName=OUT- Pin=Q1-7
Added Pin To Net: NetName=NetQ1_1 Pin=Q1-8
Added Pin To Net: NetName=LED1 Pin=R1-1
Added Pin To Net: NetName=NetD10_1 Pin=R1-2
Added Pin To Net: NetName=LED2 Pin=R2-1
Added Pin To Net: NetName=NetD11_1 Pin=R2-2
Added Pin To Net: NetName=LED3 Pin=R3-1
Added Pin To Net: NetName=NetD12_1 Pin=R3-2
Added Pin To Net: NetName=NRST Pin=R4-1
Added Pin To Net: NetName=VDD1 Pin=R4-2
Added Pin To Net: NetName=LED4 Pin=R5-1
Added Pin To Net: NetName=NetD13_1 Pin=R5-2
Added Pin To Net: NetName=OUT- Pin=R6-1
Added Pin To Net: NetName=BOOT0 Pin=R6-2
Added Pin To Net: NetName=ADC_Pin Pin=R7-1
Added Pin To Net: NetName=+8.4 Pin=R7-2
Added Pin To Net: NetName=NetC17_2 Pin=R8-1
Added Pin To Net: NetName=Audio_PWM Pin=R8-2
Added Pin To Net: NetName=NetC16_2 Pin=R9-1
Added Pin To Net: NetName=NetR9_2 Pin=R9-2
Added Pin To Net: NetName=MOSI_SD Pin=R11-1
Added Pin To Net: NetName=VDD1 Pin=R11-2
Added Pin To Net: NetName=MISO_SD Pin=R12-1
Added Pin To Net: NetName=VDD1 Pin=R12-2
Added Pin To Net: NetName=NetP2_8 Pin=R13-1
Added Pin To Net: NetName=VDD1 Pin=R13-2
Added Pin To Net: NetName=NetP2_1 Pin=R17-1
Added Pin To Net: NetName=CS_SD Pin=R18-1
Added Pin To Net: NetName=NetC19_1 Pin=R19-1
Added Pin To Net: NetName=+5 Pin=R19-2
Added Pin To Net: NetName=NetR20_1 Pin=R20-1
Added Pin To Net: NetName=+8.4 Pin=R20-2
Added Pin To Net: NetName=NetD3_1 Pin=R21-1
Added Pin To Net: NetName=+5 Pin=R21-2
Added Pin To Net: NetName=NetC19_1 Pin=R22-2
Added Pin To Net: NetName=NetD14_1 Pin=R23-1
Added Pin To Net: NetName=NetD15_1 Pin=R24-1
Added Pin To Net: NetName=OUT- Pin=R25-1
Added Pin To Net: NetName=NetR25_2 Pin=R25-2
Added Pin To Net: NetName=NetR26_1 Pin=R26-1
Added Pin To Net: NetName=OUT- Pin=R26-2
Added Pin To Net: NetName=NetC39_1 Pin=R27-1
Added Pin To Net: NetName=B+ Pin=R27-2
Added Pin To Net: NetName=CHRG_LED Pin=R28-1
Added Pin To Net: NetName=NetD17_2 Pin=R28-2
Added Pin To Net: NetName=NetD16_2 Pin=R29-1
Added Pin To Net: NetName=STDBY_LED Pin=R29-2
Added Pin To Net: NetName=OUT- Pin=U5-1
Added Pin To Net: NetName=NetR25_2 Pin=U5-2
Added Pin To Net: NetName=OUT- Pin=U5-3
Added Pin To Net: NetName=+5 Pin=U5-4
Added Pin To Net: NetName=B+ Pin=U5-5
Added Pin To Net: NetName=STDBY_LED Pin=U5-6
Added Pin To Net: NetName=CHRG_LED Pin=U5-7
Added Pin To Net: NetName=+5 Pin=U5-8
Added Pin To Net: NetName=OUT- Pin=U5-9
Added Pin To Net: NetName=NetJ2_A7 Pin=U6-1
Added Pin To Net: NetName=OUT- Pin=U6-2
Added Pin To Net: NetName=NetJ2_A6 Pin=U6-3
Added Pin To Net: NetName=USB_DP Pin=U6-4
Added Pin To Net: NetName=+5 Pin=U6-5
Added Pin To Net: NetName=USB_DM Pin=U6-6
Added Pin To Net: NetName=NetQ1_4 Pin=U7-1
Added Pin To Net: NetName=NetR26_1 Pin=U7-2
Added Pin To Net: NetName=NetQ1_5 Pin=U7-3
Added Pin To Net: NetName=NetC39_1 Pin=U7-5
Added Pin To Net: NetName=B- Pin=U7-6
Added Member To Class: ClassName=USB_C Member=Component C34 0.1 µF
Added Member To Class: ClassName=USB_C Member=Component C35 0.1 µF
Added Member To Class: ClassName=USB_C Member=Component C36 0.1 µF
Added Member To Class: ClassName=USB_C Member=Component C37 0.1 µF
Added Member To Class: ClassName=USB_C Member=Component C38 10 µF
Added Member To Class: ClassName=USB_C Member=Component C39 0.1 µF
Added Member To Class: ClassName=MAIN_TX Member=Component D12 Green
Added Member To Class: ClassName=MAIN_TX Member=Component D13 Blue
Added Member To Class: ClassName=Power_2 Member=Component D14 Yellow
Added Member To Class: ClassName=Power_2 Member=Component D15 Red
Added Member To Class: ClassName=USB_C Member=Component D16 Green
Added Member To Class: ClassName=USB_C Member=Component D17 Red
Added Member To Class: ClassName=USB_C Member=Component J2 2129691-1
Added Member To Class: ClassName=USB_C Member=Component Q1 FS8205A
Added Member To Class: ClassName=USB_C Member=Component R25 1.2 kOhms
Added Member To Class: ClassName=USB_C Member=Component R26 1 kOhms
Added Member To Class: ClassName=USB_C Member=Component R27 110 Ohms
Added Member To Class: ClassName=USB_C Member=Component R28 1 kOhms
Added Member To Class: ClassName=USB_C Member=Component R29 1 kOhms
Added Member To Class: ClassName=USB_C Member=Component U5 TP4056
Added Member To Class: ClassName=USB_C Member=Component U6 USBLC6-2SC6
Added Member To Class: ClassName=USB_C Member=Component U7 DW01A
Added Room: Name=Audio
Added Room: Name=MAIN_TX
Added Room: Name=Power_2
Added Room: Name=USB_C
